0 info it worked if it ends with ok
1 verbose cli [ '/usr/bin/node', '/usr/bin/npm', 'start' ]
2 info using npm@3.5.2
3 info using node@v8.10.0
4 verbose run-script [ 'prestart', 'start', 'poststart' ]
5 info lifecycle boaserver@0.0.0~prestart: boaserver@0.0.0
6 silly lifecycle boaserver@0.0.0~prestart: no script for prestart, continuing
7 info lifecycle boaserver@0.0.0~start: boaserver@0.0.0
8 verbose lifecycle boaserver@0.0.0~start: unsafe-perm in lifecycle true
9 verbose lifecycle boaserver@0.0.0~start: PATH: /usr/share/npm/bin/node-gyp-bin:/media/biront/860A4975D9C517C9/Oauth2/BOAserver/node_modules/.bin:/home/software/jdk1.8.0_181/bin:/home/biront/.local/bin:/home/biront/bin:/home/software/jdk1.8.0_181/bin:/home/software/jdk1.8.0_181$/jre/bin:/usr/local/sbin:/usr/local/bin:/usr/sbin:/usr/bin:/sbin:/bin:/usr/games:/usr/local/games:/snap/bin:/usr/local/go/bin:/home/biront/Android_SDK/platform-tools:/media/biront/860A4975D9C517C9/hadoop-2.9.2/bin:/media/biront/860A4975D9C517C9/hadoop-2.9.2/sbin:/usr/BerkeleyDB-4.30/bin:/media/biront/860A4975D9C517C9/UserManagment/openldap-2.4.47/bin:/media/biront/860A4975D9C517C9/UserManagment/openldap-2.4.47/sbin:/media/biront/860A4975D9C517C9/UserManagment/openldap-2.4.47/libexec
10 verbose lifecycle boaserver@0.0.0~start: CWD: /media/biront/860A4975D9C517C9/Oauth2/BOAserver
11 silly lifecycle boaserver@0.0.0~start: Args: [ '-c', 'node ./bin/www' ]
12 silly lifecycle boaserver@0.0.0~start: Returned: code: 1  signal: null
13 info lifecycle boaserver@0.0.0~start: Failed to exec start script
14 verbose stack Error: boaserver@0.0.0 start: `node ./bin/www`
14 verbose stack Exit status 1
14 verbose stack     at EventEmitter.<anonymous> (/usr/share/npm/lib/utils/lifecycle.js:232:16)
14 verbose stack     at emitTwo (events.js:126:13)
14 verbose stack     at EventEmitter.emit (events.js:214:7)
14 verbose stack     at ChildProcess.<anonymous> (/usr/share/npm/lib/utils/spawn.js:24:14)
14 verbose stack     at emitTwo (events.js:126:13)
14 verbose stack     at ChildProcess.emit (events.js:214:7)
14 verbose stack     at maybeClose (internal/child_process.js:925:16)
14 verbose stack     at Process.ChildProcess._handle.onexit (internal/child_process.js:209:5)
15 verbose pkgid boaserver@0.0.0
16 verbose cwd /media/biront/860A4975D9C517C9/Oauth2/BOAserver
17 error Linux 4.15.0-46-generic
18 error argv "/usr/bin/node" "/usr/bin/npm" "start"
19 error node v8.10.0
20 error npm  v3.5.2
21 error code ELIFECYCLE
22 error boaserver@0.0.0 start: `node ./bin/www`
22 error Exit status 1
23 error Failed at the boaserver@0.0.0 start script 'node ./bin/www'.
23 error Make sure you have the latest version of node.js and npm installed.
23 error If you do, this is most likely a problem with the boaserver package,
23 error not with npm itself.
23 error Tell the author that this fails on your system:
23 error     node ./bin/www
23 error You can get information on how to open an issue for this project with:
23 error     npm bugs boaserver
23 error Or if that isn't available, you can get their info via:
23 error     npm owner ls boaserver
23 error There is likely additional logging output above.
24 verbose exit [ 1, true ]
